<?xml version="1.0" encoding="UTF-8"?>
<!-- Generated by org.testng.reporters.JUnitReportReporter -->
<testsuite hostname="DESKTOP-8JTJ3RQ" failures="0" tests="3" name="Grouping" time="0.046" errors="0" timestamp="2022-02-14T03:38:49 GMT-08:00" skipped="0">
  <testcase classname="Grouping" name="oneplus1" time="0.000"/>
  <system-out/>
  <testcase classname="Grouping" name="oneplus2" time="0.015"/>
  <system-out/>
  <testcase classname="Grouping" name="moto1" time="0.031"/>
  <system-out/>
</testsuite> <!-- Grouping -->
