<?xml version="1.0" encoding="UTF-8"?>
<!-- Generated by org.testng.reporters.JUnitReportReporter -->
<testsuite hostname="DESKTOP-8JTJ3RQ" failures="0" tests="2" name="TestSuit" time="9.736" errors="0" timestamp="2022-02-14T02:23:15 GMT-08:00" skipped="0">
  <testcase classname="TestSuit" name="openYahoo" time="4.390"/>
  <system-out/>
  <testcase classname="TestSuit" name="openGoogle" time="5.346"/>
  <system-out/>
</testsuite> <!-- TestSuit -->
