<?xml version="1.0" encoding="UTF-8"?>
<!-- Generated by org.testng.reporters.JUnitReportReporter -->
<testsuite hostname="DESKTOP-8JTJ3RQ" failures="0" tests="1" name="DriveCar" time="0.015" errors="0" timestamp="2022-02-14T09:40:37 GMT-08:00" skipped="0">
  <testcase classname="DriveCar" name="startthecae" time="0.015"/>
  <system-out/>
</testsuite> <!-- DriveCar -->
