<?xml version="1.0" encoding="UTF-8"?>
<!-- Generated by org.testng.reporters.JUnitReportReporter -->
<testsuite hostname="DESKTOP-8JTJ3RQ" failures="0" tests="1" name="Parameterization" time="0.016" errors="0" timestamp="2022-02-14T06:56:03 GMT-08:00" skipped="0">
  <testcase classname="Parameterization" name="user" time="0.016"/>
  <system-out/>
</testsuite> <!-- Parameterization -->
