<?xml version="1.0" encoding="UTF-8"?>
<!-- Generated by org.testng.reporters.JUnitReportReporter -->
<testsuite hostname="DESKTOP-8JTJ3RQ" failures="0" tests="3" name="DependiciesManagement" time="0.015" errors="0" timestamp="2022-02-14T08:52:37 GMT-08:00" skipped="0">
  <testcase classname="DependiciesManagement" name="highschool" time="0.015"/>
  <system-out/>
  <testcase classname="DependiciesManagement" name="highersecondary" time="0.000"/>
  <system-out/>
  <testcase classname="DependiciesManagement" name="degree" time="0.000"/>
  <system-out/>
</testsuite> <!-- DependiciesManagement -->
