<?xml version="1.0" encoding="UTF-8"?>
<!-- Generated by org.testng.reporters.JUnitReportReporter -->
<testsuite hostname="DESKTOP-8JTJ3RQ" failures="0" tests="5" name="Skipcase" time="0.000" errors="0" timestamp="2022-02-14T02:25:50 GMT-08:00" skipped="1">
  <testcase classname="Skipcase" name="startthecae" time="0.000"/>
  <system-out/>
  <testcase classname="Skipcase" name="putfirstGear" time="0.000"/>
  <system-out/>
  <testcase classname="Skipcase" name="putsecondGear" time="0.000"/>
  <system-out/>
  <testcase classname="Skipcase" name="putthirdGear" time="0.000"/>
  <system-out/>
  <testcase classname="Skipcase" name="music">
    <skipped/>
  </testcase> <!-- music -->
  <system-out/>
</testsuite> <!-- Skipcase -->
